<?xml version="1.0" encoding="UTF-8"?>
<!-- Generated by org.testng.reporters.JUnitReportReporter -->
<testsuite hostname="DESKTOP-MH9ASUD" failures="0" tests="1" name="cucumber.TestNGTestRunner" time="8.117" errors="0" timestamp="2023-12-19T15:11:02 IST" skipped="0">
  <testcase classname="cucumber.TestNGTestRunner" name="runScenario" time="8.117"/>
</testsuite> <!-- cucumber.TestNGTestRunner -->
