<?xml version="1.0" encoding="UTF-8"?>
<!-- Generated by org.testng.reporters.JUnitReportReporter -->
<testsuite hostname="DESKTOP-MH9ASUD" failures="0" tests="3" name="akshaychopadeacademy.tests.SubmitOrderTest" time="42.738" errors="0" timestamp="2023-12-17T20:55:25 IST" skipped="0">
  <testcase classname="akshaychopadeacademy.tests.SubmitOrderTest" name="submitOrder" time="19.612"/>
  <testcase classname="akshaychopadeacademy.tests.SubmitOrderTest" name="OrderHistoryTest" time="4.220"/>
  <testcase classname="akshaychopadeacademy.tests.SubmitOrderTest" name="submitOrder" time="18.906"/>
</testsuite> <!-- akshaychopadeacademy.tests.SubmitOrderTest -->
