<?xml version="1.0" encoding="UTF-8"?>
<!-- Generated by org.testng.reporters.JUnitReportReporter -->
<testsuite hostname="DESKTOP-MH9ASUD" failures="0" tests="1" name="akshaychopadeacademy.tests.ErrorValidations" time="5.553" errors="0" timestamp="2023-12-17T11:48:29 IST" skipped="0">
  <testcase classname="akshaychopadeacademy.tests.ErrorValidations" name="errorValidations" time="5.553"/>
</testsuite> <!-- akshaychopadeacademy.tests.ErrorValidations -->
