<?xml version="1.0" encoding="UTF-8"?>
<!-- Generated by org.testng.reporters.JUnitReportReporter -->
<testsuite hostname="DESKTOP-MH9ASUD" failures="0" tests="1" name="cucumber.TestNGTestRunner" time="19.985" errors="0" timestamp="2023-12-19T15:44:43 IST" skipped="0">
  <testcase classname="cucumber.TestNGTestRunner" name="runScenario" time="19.985"/>
</testsuite> <!-- cucumber.TestNGTestRunner -->
